\BOOKMARK [0][-]{chapter*.1}{\376\377\000C\000e\000r\000t\000i\000f\000i\000c\000a\000t\000e}{}% 1
\BOOKMARK [0][-]{chapter*.2}{\376\377\000S\000y\000n\000o\000p\000s\000i\000s}{}% 2
\BOOKMARK [0][-]{chapter*.3}{\376\377\000P\000u\000b\000l\000i\000c\000a\000t\000i\000o\000n\000s}{}% 3
\BOOKMARK [0][-]{chapter*.4}{\376\377\000D\000e\000d\000i\000c\000a\000t\000i\000o\000n}{}% 4
\BOOKMARK [0][-]{chapter*.5}{\376\377\000A\000c\000k\000n\000o\000w\000l\000e\000d\000g\000m\000e\000n\000t\000s}{}% 5
\BOOKMARK [0][-]{chapter*.6}{\376\377\000A\000b\000b\000r\000e\000v\000i\000a\000t\000i\000o\000n\000s}{}% 6
\BOOKMARK [-1][-]{part.1}{\376\377\000I\000\040\000T\000h\000e\000\040\000S\000t\000a\000n\000d\000a\000r\000d\000\040\000M\000o\000d\000e\000l\000\040\000a\000n\000d\000\040\000B\000e\000y\000o\000n\000d}{}% 7
\BOOKMARK [0][-]{chapter.1}{\376\377\0001\000\040\000T\000h\000e\000\040\000S\000t\000a\000n\000d\000a\000r\000d\000\040\000M\000o\000d\000e\000l}{part.1}% 8
\BOOKMARK [1][-]{section.1.1}{\376\377\0001\000.\0001\000\040\000I\000n\000t\000r\000o\000d\000u\000c\000t\000i\000o\000n}{chapter.1}% 9
\BOOKMARK [1][-]{section.1.2}{\376\377\0001\000.\0002\000\040\000G\000r\000o\000u\000p\000\040\000a\000n\000d\000\040\000s\000y\000m\000m\000e\000t\000r\000y}{chapter.1}% 10
\BOOKMARK [1][-]{section.1.3}{\376\377\0001\000.\0003\000\040\000T\000h\000e\000\040\000L\000a\000g\000r\000a\000n\000g\000i\000a\000n\000\040\000d\000e\000n\000s\000i\000t\000y}{chapter.1}% 11
\BOOKMARK [1][-]{section.1.4}{\376\377\0001\000.\0004\000\040\000M\000a\000s\000s\000\040\000o\000f\000\040\000p\000a\000r\000t\000i\000c\000l\000e\000s}{chapter.1}% 12
\BOOKMARK [1][-]{section.1.5}{\376\377\0001\000.\0005\000\040\000S\000u\000c\000c\000e\000s\000s\000\040\000a\000n\000d\000\040\000f\000a\000i\000l\000u\000r\000e\000\040\000o\000f\000\040\000t\000h\000e\000\040\000S\000M}{chapter.1}% 13
\BOOKMARK [0][-]{chapter.2}{\376\377\0002\000\040\000T\000h\000e\000\040\000T\000w\000o\000\040\000H\000i\000g\000g\000s\000\040\000D\000o\000u\000b\000l\000e\000t\000\040\000M\000o\000d\000e\000l}{part.1}% 14
\BOOKMARK [1][-]{section.2.1}{\376\377\0002\000.\0001\000\040\000I\000n\000t\000r\000o\000d\000u\000c\000t\000i\000o\000n}{chapter.2}% 15
\BOOKMARK [1][-]{section.2.2}{\376\377\0002\000.\0002\000\040\000T\000h\000e\000\040\000H\000i\000g\000g\000s\000\040\000s\000e\000c\000t\000o\000r}{chapter.2}% 16
\BOOKMARK [1][-]{section.2.3}{\376\377\0002\000.\0003\000\040\000T\000h\000e\000\040\000Y\000u\000k\000a\000w\000a\000\040\000s\000e\000c\000t\000o\000r}{chapter.2}% 17
\BOOKMARK [1][-]{section.2.4}{\376\377\0002\000.\0004\000\040\000B\000r\000a\000n\000c\000h\000i\000n\000g\000\040\000r\000a\000t\000i\000o\000\040\000o\000f\000\040\000t\000o\000p\000\040\000q\000u\000a\000r\000k\000\040\000d\000e\000c\000a\000y}{chapter.2}% 18
\BOOKMARK [1][-]{section.2.5}{\376\377\0002\000.\0005\000\040\000B\000r\000a\000n\000c\000h\000i\000n\000g\000\040\000r\000a\000t\000i\000o\000\040\000o\000f\000\040\000c\000h\000a\000r\000g\000e\000d\000\040\000H\000i\000g\000g\000s\000\040\000d\000e\000c\000a\000y}{chapter.2}% 19
\BOOKMARK [1][-]{section.2.6}{\376\377\0002\000.\0006\000\040\000C\000u\000r\000r\000e\000n\000t\000\040\000s\000t\000a\000t\000u\000s\000\040\000o\000f\000\040\000s\000e\000a\000r\000c\000h\000e\000s\000\040\000f\000o\000r\000\040\000c\000h\000a\000r\000g\000e\000d\000\040\000H\000i\000g\000g\000s}{chapter.2}% 20
\BOOKMARK [1][-]{section.2.7}{\376\377\0002\000.\0007\000\040\000S\000e\000a\000r\000c\000h\000\040\000s\000t\000r\000a\000t\000e\000g\000y\000\040\000f\000o\000r\000\040\000t\000h\000e\000\040\000c\000h\000a\000r\000g\000e\000d\000\040\000H\000i\000g\000g\000s\000\040\000a\000t\000\040\0001\0003\000\040\000T\000e\000V}{chapter.2}% 21
\BOOKMARK [-1][-]{part.2}{\376\377\000I\000I\000\040\000T\000h\000e\000\040\000C\000M\000S\000\040\000E\000x\000p\000e\000r\000i\000m\000e\000n\000t\000\040\000a\000t\000\040\000T\000h\000e\000\040\000L\000H\000C\000,\000\040\000C\000E\000R\000N}{}% 22
\BOOKMARK [0][-]{chapter.3}{\376\377\0003\000\040\000T\000h\000e\000\040\000L\000H\000C\000\040\000a\000t\000\040\000C\000E\000R\000N}{part.2}% 23
\BOOKMARK [1][-]{section.3.1}{\376\377\0003\000.\0001\000\040\000I\000n\000t\000r\000o\000d\000u\000c\000t\000i\000o\000n}{chapter.3}% 24
\BOOKMARK [1][-]{section.3.2}{\376\377\0003\000.\0002\000\040\000D\000e\000t\000e\000c\000t\000o\000r\000s\000\040\000a\000t\000\040\000t\000h\000e\000\040\000L\000H\000C}{chapter.3}% 25
\BOOKMARK [1][-]{section.3.3}{\376\377\0003\000.\0003\000\040\000T\000h\000e\000\040\000L\000H\000C\000\040\000p\000a\000r\000a\000m\000e\000t\000e\000r\000s}{chapter.3}% 26
\BOOKMARK [1][-]{section.3.4}{\376\377\0003\000.\0004\000\040\000T\000h\000e\000\040\000L\000H\000C\000\040\000c\000o\000o\000r\000d\000i\000n\000a\000t\000e\000\040\000s\000y\000s\000t\000e\000m}{chapter.3}% 27
\BOOKMARK [0][-]{chapter.4}{\376\377\0004\000\040\000T\000h\000e\000\040\000C\000M\000S\000\040\000E\000x\000p\000e\000r\000i\000m\000e\000n\000t\000\040\000a\000t\000\040\000T\000h\000e\000\040\000L\000H\000C}{part.2}% 28
\BOOKMARK [1][-]{section.4.1}{\376\377\0004\000.\0001\000\040\000I\000n\000t\000r\000o\000d\000u\000c\000t\000i\000o\000n}{chapter.4}% 29
\BOOKMARK [1][-]{section.4.2}{\376\377\0004\000.\0002\000\040\000S\000i\000l\000i\000c\000o\000n\000\040\000t\000r\000a\000c\000k\000e\000r}{chapter.4}% 30
\BOOKMARK [1][-]{section.4.3}{\376\377\0004\000.\0003\000\040\000E\000l\000e\000c\000t\000r\000o\000m\000a\000g\000n\000e\000t\000i\000c\000\040\000c\000a\000l\000o\000r\000i\000m\000e\000t\000e\000r}{chapter.4}% 31
\BOOKMARK [1][-]{section.4.4}{\376\377\0004\000.\0004\000\040\000H\000a\000d\000r\000o\000n\000\040\000c\000a\000l\000o\000r\000i\000m\000e\000t\000e\000r}{chapter.4}% 32
\BOOKMARK [1][-]{section.4.5}{\376\377\0004\000.\0005\000\040\000M\000a\000g\000n\000e\000t}{chapter.4}% 33
\BOOKMARK [1][-]{section.4.6}{\376\377\0004\000.\0006\000\040\000M\000u\000o\000n\000\040\000c\000h\000a\000m\000b\000e\000r\000s}{chapter.4}% 34
\BOOKMARK [1][-]{section.4.7}{\376\377\0004\000.\0007\000\040\000T\000h\000e\000\040\000t\000r\000i\000g\000g\000e\000r}{chapter.4}% 35
\BOOKMARK [1][-]{section.4.8}{\376\377\0004\000.\0008\000\040\000D\000a\000t\000a\000\040\000d\000i\000s\000t\000r\000i\000b\000u\000t\000i\000o\000n\000\040\000s\000y\000s\000t\000e\000m}{chapter.4}% 36
\BOOKMARK [1][-]{section.4.9}{\376\377\0004\000.\0009\000\040\000E\000v\000e\000n\000t\000\040\000d\000a\000t\000a\000\040\000f\000o\000r\000m\000a\000t\000\040\000a\000n\000d\000\040\000t\000h\000e\000\040\000C\000M\000S\000\040\000s\000o\000f\000t\000w\000a\000r\000e}{chapter.4}% 37
\BOOKMARK [-1][-]{part.3}{\376\377\000I\000I\000I\000\040\000S\000e\000a\000r\000c\000h\000\040\000f\000o\000r\000\040\000C\000h\000a\000r\000g\000e\000d\000\040\000H\000i\000g\000g\000s\000\040\000B\000o\000s\000o\000n}{}% 38
\BOOKMARK [0][-]{chapter.5}{\376\377\0005\000\040\000R\000e\000c\000o\000n\000s\000t\000r\000u\000c\000t\000i\000o\000n\000\040\000a\000n\000d\000\040\000I\000d\000e\000n\000t\000i\000f\000i\000c\000a\000t\000i\000o\000n}{part.3}% 39
\BOOKMARK [1][-]{section.5.1}{\376\377\0005\000.\0001\000\040\000D\000a\000t\000a\000\040\000s\000a\000m\000p\000l\000e\000s}{chapter.5}% 40
\BOOKMARK [1][-]{section.5.2}{\376\377\0005\000.\0002\000\040\000S\000i\000m\000u\000l\000a\000t\000e\000d\000\040\000s\000a\000m\000p\000l\000e\000s}{chapter.5}% 41
\BOOKMARK [1][-]{section.5.3}{\376\377\0005\000.\0003\000\040\000P\000r\000i\000m\000a\000r\000y\000\040\000v\000e\000r\000t\000e\000x\000\040\000a\000n\000d\000\040\000d\000i\000f\000f\000u\000s\000e\000\040\000o\000f\000f\000s\000e\000t\000\040\000e\000n\000e\000r\000g\000y\000\040\000d\000e\000n\000s\000i\000t\000y}{chapter.5}% 42
\BOOKMARK [2][-]{subsection.5.3.1}{\376\377\0005\000.\0003\000.\0001\000\040\000P\000r\000i\000m\000a\000r\000y\000\040\000v\000e\000r\000t\000e\000x}{section.5.3}% 43
\BOOKMARK [2][-]{subsection.5.3.2}{\376\377\0005\000.\0003\000.\0002\000\040\000D\000i\000f\000f\000u\000s\000e\000\040\000o\000f\000f\000s\000e\000t\000\040\000e\000n\000e\000r\000g\000y\000\040\000d\000e\000n\000s\000i\000t\000y}{section.5.3}% 44
\BOOKMARK [1][-]{section.5.4}{\376\377\0005\000.\0004\000\040\000M\000u\000o\000n}{chapter.5}% 45
\BOOKMARK [2][-]{subsection.5.4.1}{\376\377\0005\000.\0004\000.\0001\000\040\000R\000e\000c\000o\000n\000s\000t\000r\000u\000c\000t\000i\000o\000n}{section.5.4}% 46
\BOOKMARK [2][-]{subsection.5.4.2}{\376\377\0005\000.\0004\000.\0002\000\040\000I\000d\000e\000n\000t\000i\000f\000i\000c\000a\000t\000i\000o\000n\000\040\000a\000n\000d\000\040\000s\000e\000l\000e\000c\000t\000i\000o\000n}{section.5.4}% 47
\BOOKMARK [2][-]{subsection.5.4.3}{\376\377\0005\000.\0004\000.\0003\000\040\000R\000o\000c\000h\000e\000s\000t\000e\000r\000\040\000c\000o\000r\000r\000e\000c\000t\000i\000o\000n}{section.5.4}% 48
\BOOKMARK [2][-]{subsection.5.4.4}{\376\377\0005\000.\0004\000.\0004\000\040\000I\000s\000o\000l\000a\000t\000i\000o\000n}{section.5.4}% 49
\BOOKMARK [1][-]{section.5.5}{\376\377\0005\000.\0005\000\040\000E\000l\000e\000c\000t\000r\000o\000n\000\040}{chapter.5}% 50
\BOOKMARK [2][-]{subsection.5.5.1}{\376\377\0005\000.\0005\000.\0001\000\040\000R\000e\000c\000o\000n\000s\000t\000r\000u\000c\000t\000i\000o\000n}{section.5.5}% 51
\BOOKMARK [2][-]{subsection.5.5.2}{\376\377\0005\000.\0005\000.\0002\000\040\000I\000d\000e\000n\000t\000i\000f\000i\000c\000a\000t\000i\000o\000n\000\040\000a\000n\000d\000\040\000s\000e\000l\000e\000c\000t\000i\000o\000n}{section.5.5}% 52
\BOOKMARK [2][-]{subsection.5.5.3}{\376\377\0005\000.\0005\000.\0003\000\040\000I\000s\000o\000l\000a\000t\000i\000o\000n}{section.5.5}% 53
\BOOKMARK [2][-]{subsection.5.5.4}{\376\377\0005\000.\0005\000.\0004\000\040\000C\000o\000n\000v\000e\000r\000s\000i\000o\000n\000\040\000r\000e\000j\000e\000c\000t\000i\000o\000n}{section.5.5}% 54
\BOOKMARK [1][-]{section.5.6}{\376\377\0005\000.\0006\000\040\000J\000e\000t}{chapter.5}% 55
\BOOKMARK [2][-]{subsection.5.6.1}{\376\377\0005\000.\0006\000.\0001\000\040\000R\000e\000c\000o\000n\000s\000t\000r\000u\000c\000t\000i\000o\000n}{section.5.6}% 56
\BOOKMARK [2][-]{subsection.5.6.2}{\376\377\0005\000.\0006\000.\0002\000\040\000I\000d\000e\000n\000t\000i\000f\000i\000c\000a\000t\000i\000o\000n\000\040\000a\000n\000d\000\040\000s\000e\000l\000e\000c\000t\000i\000o\000n}{section.5.6}% 57
\BOOKMARK [2][-]{subsection.5.6.3}{\376\377\0005\000.\0006\000.\0003\000\040\000C\000l\000e\000a\000n\000i\000n\000g}{section.5.6}% 58
\BOOKMARK [1][-]{section.5.7}{\376\377\0005\000.\0007\000\040\000M\000i\000s\000s\000i\000n\000g\000\040\000t\000r\000a\000n\000s\000v\000e\000r\000s\000e\000\040\000e\000n\000e\000r\000g\000y}{chapter.5}% 59
\BOOKMARK [1][-]{section.5.8}{\376\377\0005\000.\0008\000\040\000b\000\040\000J\000e\000t\000\040\000T\000a\000g\000g\000i\000n\000g}{chapter.5}% 60
\BOOKMARK [2][-]{subsection.5.8.1}{\376\377\0005\000.\0008\000.\0001\000\040\000T\000r\000a\000c\000k\000\040\000s\000e\000l\000e\000c\000t\000i\000o\000n}{section.5.8}% 61
\BOOKMARK [2][-]{subsection.5.8.2}{\376\377\0005\000.\0008\000.\0002\000\040\000R\000e\000c\000o\000n\000s\000t\000r\000u\000c\000t\000i\000o\000n\000\040\000o\000f\000\040\000s\000e\000c\000o\000n\000d\000a\000r\000y\000\040\000v\000e\000r\000t\000e\000x}{section.5.8}% 62
\BOOKMARK [2][-]{subsection.5.8.3}{\376\377\0005\000.\0008\000.\0003\000\040\000M\000u\000l\000t\000i\000-\000l\000a\000y\000e\000r\000\040\000p\000e\000r\000c\000e\000p\000t\000r\000o\000n\000\040\000t\000r\000a\000i\000n\000i\000n\000g}{section.5.8}% 63
\BOOKMARK [0][-]{chapter.6}{\376\377\0006\000\040\000C\000o\000r\000r\000e\000c\000t\000i\000o\000n\000s\000\040\000o\000n\000\040\000S\000i\000m\000u\000l\000a\000t\000e\000d\000\040\000E\000v\000e\000n\000t\000s}{part.3}% 64
\BOOKMARK [1][-]{section.6.1}{\376\377\0006\000.\0001\000\040\000L\000u\000m\000i\000n\000o\000s\000i\000t\000y\000\040\000s\000c\000a\000l\000e\000\040\000f\000a\000c\000t\000o\000r\000s}{chapter.6}% 65
\BOOKMARK [1][-]{section.6.2}{\376\377\0006\000.\0002\000\040\000P\000i\000l\000e\000u\000p\000\040\000r\000e\000w\000e\000i\000g\000h\000t\000i\000n\000g}{chapter.6}% 66
\BOOKMARK [1][-]{section.6.3}{\376\377\0006\000.\0003\000\040\000L\000e\000p\000t\000o\000n\000\040\000s\000c\000a\000l\000e\000\040\000f\000a\000c\000t\000o\000r\000s}{chapter.6}% 67
\BOOKMARK [1][-]{section.6.4}{\376\377\0006\000.\0004\000\040\000J\000e\000t\000\040\000a\000n\000d\000\040\000E\000T\000m\000i\000s\000s\000\040\000c\000o\000r\000r\000e\000c\000t\000i\000o\000n}{chapter.6}% 68
\BOOKMARK [1][-]{section.6.5}{\376\377\0006\000.\0005\000\040\000b\000\040\000t\000a\000g\000\040\000s\000c\000a\000l\000e\000\040\000f\000a\000c\000t\000o\000r}{chapter.6}% 69
\BOOKMARK [0][-]{chapter.7}{\376\377\0007\000\040\000E\000v\000e\000n\000t\000\040\000F\000i\000l\000t\000e\000r\000\040\000a\000n\000d\000\040\000S\000e\000l\000e\000c\000t\000i\000o\000n}{part.3}% 70
\BOOKMARK [1][-]{section.7.1}{\376\377\0007\000.\0001\000\040\000F\000i\000l\000t\000e\000r\000s}{chapter.7}% 71
\BOOKMARK [1][-]{section.7.2}{\376\377\0007\000.\0002\000\040\000S\000e\000l\000e\000c\000t\000i\000o\000n}{chapter.7}% 72
\BOOKMARK [1][-]{section.7.3}{\376\377\0007\000.\0003\000\040\000C\000o\000m\000p\000a\000r\000i\000s\000o\000n\000\040\000o\000f\000\040\000d\000a\000t\000a\000\040\000a\000n\000d\000\040\000b\000a\000c\000k\000g\000r\000o\000u\000n\000d\000\040\000a\000f\000t\000e\000r\000\040\000b\000\040\000j\000e\000t\000\040\000s\000e\000l\000e\000c\000t\000i\000o\000n}{chapter.7}% 73
\BOOKMARK [0][-]{chapter.8}{\376\377\0008\000\040\000K\000i\000n\000e\000m\000a\000t\000i\000c\000\040\000F\000i\000t\000t\000i\000n\000g\000\040\000a\000n\000d\000\040\000c\000\040\000J\000e\000t\000\040\000T\000a\000g\000g\000i\000n\000g}{part.3}% 74
\BOOKMARK [1][-]{section.8.1}{\376\377\0008\000.\0001\000\040\000I\000n\000p\000u\000t\000\040\000t\000o\000\040\000t\000h\000e\000\040\000T\000o\000p\000K\000i\000n\000F\000i\000t\000t\000e\000r}{chapter.8}% 75
\BOOKMARK [1][-]{section.8.2}{\376\377\0008\000.\0002\000\040\000S\000e\000p\000a\000r\000a\000t\000i\000o\000n\000\040\000o\000f\000\040\000j\000e\000t\000s}{chapter.8}% 76
\BOOKMARK [1][-]{section.8.3}{\376\377\0008\000.\0003\000\040\000K\000i\000n\000e\000m\000a\000t\000i\000c\000\040\000c\000o\000n\000s\000t\000r\000a\000i\000n\000t\000s}{chapter.8}% 77
\BOOKMARK [1][-]{section.8.4}{\376\377\0008\000.\0004\000\040\0002\000\040\000o\000f\000\040\000t\000h\000e\000\040\000f\000i\000t}{chapter.8}% 78
\BOOKMARK [1][-]{section.8.5}{\376\377\0008\000.\0005\000\040\000O\000u\000t\000p\000u\000t\000\040\000o\000f\000\040\000t\000h\000e\000\040\000T\000o\000p\000K\000i\000n\000F\000i\000t\000t\000e\000r}{chapter.8}% 79
\BOOKMARK [1][-]{section.8.6}{\376\377\0008\000.\0006\000\040\000S\000e\000l\000e\000c\000t\000i\000o\000n\000\040\000a\000n\000d\000\040\000p\000e\000r\000f\000o\000r\000m\000a\000n\000c\000e}{chapter.8}% 80
\BOOKMARK [1][-]{section.8.7}{\376\377\0008\000.\0007\000\040\000C\000o\000m\000p\000a\000r\000i\000s\000o\000n\000\040\000o\000f\000\040\000d\000a\000t\000a\000\040\000a\000n\000d\000\040\000b\000a\000c\000k\000g\000r\000o\000u\000n\000d\000\040\000a\000f\000t\000e\000r\000\040\000k\000i\000n\000e\000m\000a\000t\000i\000c\000\040\000f\000i\000t\000t\000i\000n\000g}{chapter.8}% 81
\BOOKMARK [1][-]{section.8.8}{\376\377\0008\000.\0008\000\040\000c\000\040\000J\000e\000t\000\040\000T\000a\000g\000g\000i\000n\000g}{chapter.8}% 82
\BOOKMARK [1][-]{section.8.9}{\376\377\0008\000.\0009\000\040\000c\000\040\000t\000a\000g\000\040\000s\000c\000a\000l\000e\000\040\000f\000a\000c\000t\000o\000r\000\040\000a\000n\000d\000\040\000s\000e\000l\000e\000c\000t\000i\000o\000n}{chapter.8}% 83
\BOOKMARK [0][-]{chapter.9}{\376\377\0009\000\040\000Q\000C\000D\000\040\000M\000u\000l\000t\000i\000j\000e\000t\000\040\000E\000s\000t\000i\000m\000a\000t\000i\000o\000n}{part.3}% 84
\BOOKMARK [1][-]{section.9.1}{\376\377\0009\000.\0001\000\040\000D\000e\000t\000e\000r\000m\000i\000n\000a\000t\000i\000o\000n\000\040\000o\000f\000\040\000t\000r\000a\000n\000s\000f\000e\000r\000\040\000s\000c\000a\000l\000e\000\040\000f\000a\000c\000t\000o\000r}{chapter.9}% 85
\BOOKMARK [1][-]{section.9.2}{\376\377\0009\000.\0002\000\040\000E\000s\000t\000i\000m\000a\000t\000i\000o\000n\000\040\000o\000f\000\040\000Q\000C\000D\000\040\000m\000u\000l\000t\000i\000j\000e\000t\000\040\000i\000n\000\040\000t\000h\000e\000\040\000s\000i\000g\000n\000a\000l\000\040\000r\000e\000g\000i\000o\000n}{chapter.9}% 86
\BOOKMARK [1][-]{section.9.3}{\376\377\0009\000.\0003\000\040\000C\000o\000m\000p\000a\000r\000i\000s\000o\000n\000\040\000o\000f\000\040\000d\000a\000t\000a\000-\000d\000r\000i\000v\000e\000n\000\040\000Q\000C\000D\000\040\000m\000u\000l\000t\000i\000j\000e\000t\000\040\000s\000h\000a\000p\000e\000s}{chapter.9}% 87
\BOOKMARK [0][-]{chapter.10}{\376\377\0001\0000\000\040\000M\000a\000s\000s\000\040\000R\000e\000c\000o\000n\000s\000t\000r\000u\000c\000t\000i\000o\000n}{part.3}% 88
\BOOKMARK [1][-]{section.10.1}{\376\377\0001\0000\000.\0001\000\040\000I\000n\000c\000l\000u\000s\000i\000v\000e\000\040\000e\000v\000e\000n\000t\000\040\000c\000a\000t\000e\000g\000o\000r\000y\000\040\000w\000i\000t\000h\000o\000u\000t\000\040\000c\000h\000a\000r\000m\000\040\000t\000a\000g\000g\000i\000n\000g}{chapter.10}% 89
\BOOKMARK [1][-]{section.10.2}{\376\377\0001\0000\000.\0002\000\040\000I\000n\000c\000l\000u\000s\000i\000v\000e\000\040\000e\000v\000e\000n\000t\000\040\000c\000a\000t\000e\000g\000o\000r\000y\000\040\000w\000i\000t\000h\000\040\000l\000o\000o\000s\000e\000\040\000c\000h\000a\000r\000m\000\040\000t\000a\000g\000g\000i\000n\000g}{chapter.10}% 90
\BOOKMARK [1][-]{section.10.3}{\376\377\0001\0000\000.\0003\000\040\000E\000x\000c\000l\000u\000s\000i\000v\000e\000\040\000e\000v\000e\000n\000t\000\040\000c\000a\000t\000e\000g\000o\000r\000i\000e\000s\000\040\000b\000a\000s\000e\000d\000\040\000o\000n\000\040\000c\000h\000a\000r\000m\000\040\000t\000a\000g\000g\000i\000n\000g}{chapter.10}% 91
\BOOKMARK [0][-]{chapter.11}{\376\377\0001\0001\000\040\000S\000y\000s\000t\000e\000m\000a\000t\000i\000c\000\040\000U\000n\000c\000e\000r\000t\000a\000i\000n\000t\000i\000e\000s}{part.3}% 92
\BOOKMARK [1][-]{section.11.1}{\376\377\0001\0001\000.\0001\000\040\000E\000x\000p\000e\000r\000i\000m\000e\000n\000t\000a\000l\000\040\000u\000n\000c\000e\000r\000t\000a\000i\000n\000t\000i\000e\000s}{chapter.11}% 93
\BOOKMARK [1][-]{section.11.2}{\376\377\0001\0001\000.\0002\000\040\000T\000h\000e\000o\000r\000e\000t\000i\000c\000a\000l\000\040\000u\000n\000c\000e\000r\000t\000a\000i\000n\000t\000i\000e\000s}{chapter.11}% 94
\BOOKMARK [1][-]{section.11.3}{\376\377\0001\0001\000.\0003\000\040\000E\000f\000f\000e\000c\000t\000\040\000o\000f\000\040\000s\000y\000s\000t\000e\000m\000a\000t\000i\000c\000s\000\040\000o\000n\000\040\000m\000j\000j\000\040\000d\000i\000s\000t\000r\000i\000b\000u\000t\000i\000o\000n}{chapter.11}% 95
\BOOKMARK [0][-]{chapter.12}{\376\377\0001\0002\000\040\000E\000x\000c\000l\000u\000s\000i\000o\000n\000\040\000L\000i\000m\000i\000t\000s}{part.3}% 96
\BOOKMARK [1][-]{section.12.1}{\376\377\0001\0002\000.\0001\000\040\0009\0005\000\045\000\040\000C\000L\000\040\000u\000p\000p\000e\000r\000\040\000l\000i\000m\000i\000t\000\040\000o\000n\000\040\000B\000\050\000t\000\040\000H\000+\000\040\000b\000\051}{chapter.12}% 97
\BOOKMARK [1][-]{section.12.2}{\376\377\0001\0002\000.\0002\000\040\000P\000r\000o\000f\000i\000l\000e\000\040\000o\000f\000\040\000n\000u\000i\000s\000a\000n\000c\000e\000\040\000p\000a\000r\000a\000m\000e\000t\000e\000r\000:\000\040\000s\000h\000a\000p\000e\000\040\000v\000s\000\040\000l\000n\000N}{chapter.12}% 98
\BOOKMARK [1][-]{section.12.3}{\376\377\0001\0002\000.\0003\000\040\000L\000i\000m\000i\000t\000s\000\040\000f\000r\000o\000m\000\040\000i\000n\000c\000l\000u\000s\000i\000v\000e\000\040\000e\000v\000e\000n\000t\000\040\000c\000a\000t\000e\000g\000o\000r\000y\000\040\000w\000i\000t\000h\000o\000u\000t\000\040\000c\000\040\000t\000a\000g\000g\000i\000n\000g}{chapter.12}% 99
\BOOKMARK [1][-]{section.12.4}{\376\377\0001\0002\000.\0004\000\040\000L\000i\000m\000i\000t\000s\000\040\000f\000r\000o\000m\000\040\000i\000n\000c\000l\000u\000s\000i\000v\000e\000\040\000e\000v\000e\000n\000t\000\040\000c\000a\000t\000e\000g\000o\000r\000y\000\040\000w\000i\000t\000h\000\040\000l\000o\000o\000s\000e\000\040\000c\000\040\000t\000a\000g\000g\000i\000n\000g}{chapter.12}% 100
\BOOKMARK [1][-]{section.12.5}{\376\377\0001\0002\000.\0005\000\040\000L\000i\000m\000i\000t\000s\000\040\000f\000r\000o\000m\000\040\000e\000x\000c\000l\000u\000s\000i\000v\000e\000\040\000e\000v\000e\000n\000t\000\040\000c\000a\000t\000e\000g\000o\000r\000i\000e\000s\000\040\000b\000a\000s\000e\000d\000\040\000o\000n\000\040\000c\000\040\000t\000a\000g\000g\000i\000n\000g}{chapter.12}% 101
\BOOKMARK [1][-]{section.12.6}{\376\377\0001\0002\000.\0006\000\040\000I\000m\000p\000a\000c\000t\000\040\000o\000f\000\040\000n\000u\000i\000s\000a\000n\000c\000e\000\040\000p\000a\000r\000a\000m\000e\000t\000e\000r\000s}{chapter.12}% 102
\BOOKMARK [1][-]{section.12.7}{\376\377\0001\0002\000.\0007\000\040\000G\000o\000o\000d\000n\000e\000s\000s\000\040\000o\000f\000\040\000f\000i\000t}{chapter.12}% 103
\BOOKMARK [0][-]{chapter.13}{\376\377\0001\0003\000\040\000S\000u\000m\000m\000a\000r\000y\000\040\000a\000n\000d\000\040\000F\000u\000t\000u\000r\000e\000\040\000O\000u\000t\000l\000o\000o\000k}{part.3}% 104
\BOOKMARK [0][-]{section*.10}{\376\377\000B\000i\000b\000l\000i\000o\000g\000r\000a\000p\000h\000y}{part.3}% 105
